#
# There is insufficient memory for the Java Runtime Environment to continue.
# Native memory allocation (malloc) failed to allocate 72368 bytes for Chunk::new
# Possible reasons:
#   The system is out of physical RAM or swap space
#   In 32 bit mode, the process size limit was hit
# Possible solutions:
#   Reduce memory load on the system
#   Increase physical memory or swap space
#   Check if swap backing store is full
#   Use 64 bit Java on a 64 bit OS
#   Decrease Java heap size (-Xmx/-Xms)
#   Decrease number of Java threads
#   Decrease Java thread stack sizes (-Xss)
#   Set larger code cache with -XX:ReservedCodeCacheSize=
# This output file may be truncated or incomplete.
#
#  Out of Memory Error (allocation.cpp:390), pid=8316, tid=0x0000000000002994
#
# JRE version: Java(TM) SE Runtime Environment (8.0_161-b12) (build 1.8.0_161-b12)
# Java VM: Java HotSpot(TM) 64-Bit Server VM (25.161-b12 mixed mode windows-amd64 compressed oops)
# Failed to write core dump. Minidumps are not enabled by default on client versions of Windows
#

---------------  T H R E A D  ---------------

Current thread (0x0000000056c75000):  JavaThread "C2 CompilerThread1" daemon [_thread_in_native, id=10644, stack(0x0000000057770000,0x0000000057870000)]

Stack: [0x0000000057770000,0x0000000057870000]
[error occurred during error reporting (printing stack bounds), id 0xc0000005]

Native frames: (J=compiled Java code, j=interpreted, Vv=VM code, C=native code)


Current CompileTask:
C2:  12885 2101 %     4       java.io.WinNTFileSystem::normalize @ 61 (231 bytes)


---------------  P R O C E S S  ---------------

Java Threads: ( => current thread )
  0x0000000056cf9800 JavaThread "Service Thread" daemon [_thread_blocked, id=9708, stack(0x00000000579e0000,0x0000000057ae0000)]
  0x0000000056c77800 JavaThread "C1 CompilerThread2" daemon [_thread_in_native_trans, id=1316, stack(0x00000000578e0000,0x00000000579e0000)]
=>0x0000000056c75000 JavaThread "C2 CompilerThread1" daemon [_thread_in_native, id=10644, stack(0x0000000057770000,0x0000000057870000)]
  0x00000000559ac000 JavaThread "C2 CompilerThread0" daemon [_thread_in_native, id=10332, stack(0x00000000575d0000,0x00000000576d0000)]
  0x0000000056c48800 JavaThread "Attach Listener" daemon [_thread_blocked, id=6620, stack(0x0000000057400000,0x0000000057500000)]
  0x000000005599f800 JavaThread "Signal Dispatcher" daemon [_thread_blocked, id=8372, stack(0x00000000571a0000,0x00000000572a0000)]
  0x000000005598b800 JavaThread "Finalizer" daemon [_thread_blocked, id=9876, stack(0x0000000056b40000,0x0000000056c40000)]
  0x0000000055944800 JavaThread "Reference Handler" daemon [_thread_blocked, id=2500, stack(0x00000000569d0000,0x0000000056ad0000)]
  0x0000000002968800 JavaThread "main" [_thread_in_Java, id=8612, stack(0x0000000002ff0000,0x00000000030f0000)]

Other Threads:
  0x000000005593c800 VMThread [stack: 0x00000000568b0000,0x00000000569b0000] [id=6400]
  0x0000000056d13800 WatcherThread [stack: 0x0000000057ba0000,0x0000000057ca0000] [id=10076]

VM state:not at safepoint (normal execution)

VM Mutex/Monitor currently owned by a thread: None

Heap:
 PSYoungGen      total 153088K, used 121121K [0x00000000eab00000, 0x00000000f5580000, 0x0000000100000000)
  eden space 131584K, 92% used [0x00000000eab00000,0x00000000f2148430,0x00000000f2b80000)
  from space 21504K, 0% used [0x00000000f4080000,0x00000000f4080000,0x00000000f5580000)
  to   space 21504K, 0% used [0x00000000f2b80000,0x00000000f2b80000,0x00000000f4080000)
 ParOldGen       total 349696K, used 0K [0x00000000c0000000, 0x00000000d5580000, 0x00000000eab00000)
  object space 349696K, 0% used [0x00000000c0000000,0x00000000c0000000,0x00000000d5580000)
 Metaspace       used 14678K, capacity 14954K, committed 15232K, reserved 1062912K
  class space    used 1796K, capacity 1881K, committed 1920K, reserved 1048576K

Card table byte_map: [0x00000000124b0000,0x00000000126c0000] byte_map_base: 0x0000000011eb0000

Marking Bits: (ParMarkBitMap*) 0x0000000070cff860
 Begin Bits: [0x0000000012db0000, 0x0000000013db0000)
 End Bits:   [0x0000000013db0000, 0x0000000014db0000)

Polling page: 0x0000000000240000

CodeCache: size=245760Kb used=7419Kb max_used=7419Kb free=238340Kb
 bounds [0x00000000030f0000, 0x0000000003840000, 0x00000000120f0000]
 total_blobs=2485 nmethods=2142 adapters=255
 compilation: enabled

Compilation events (10 events):
Event: 12.830 Thread 0x0000000056c77800 nmethod 2120 0x000000000381bd50 code [0x000000000381bee0, 0x000000000381c458]
Event: 12.830 Thread 0x0000000056c77800 2121       3       com.google.inject.internal.InjectorImpl$2::<init> (20 bytes)
Event: 12.830 Thread 0x0000000056c77800 nmethod 2121 0x000000000381c690 code [0x000000000381c7e0, 0x000000000381c9d0]
Event: 12.830 Thread 0x0000000056c77800 2122       1       com.google.common.collect.EmptyImmutableSet::size (2 bytes)
Event: 12.831 Thread 0x0000000056c77800 nmethod 2122 0x000000000381ca90 code [0x000000000381cbe0, 0x000000000381ccf0]
Event: 12.831 Thread 0x0000000056c77800 2123       1       com.google.common.collect.LinkedHashMultimap$ValueEntry::getSuccessorInValueSet (5 bytes)
Event: 12.831 Thread 0x0000000056c77800 nmethod 2123 0x000000000381cd50 code [0x000000000381cea0, 0x000000000381cfb0]
Event: 12.834 Thread 0x0000000056c77800 2124       3       org.eclipse.sisu.plexus.PlexusPropertyBinder::bindProperty (143 bytes)
Event: 12.838 Thread 0x0000000056c77800 nmethod 2124 0x000000000381d010 code [0x000000000381d260, 0x000000000381e1b8]
Event: 12.838 Thread 0x0000000056c77800 2127   !   3       com.google.common.cache.LocalCache$Segment::storeLoadedValue (373 bytes)

GC Heap History (0 events):
No events

Deoptimization events (10 events):
Event: 9.086 Thread 0x0000000002968800 Uncommon trap: reason=unstable_if action=reinterpret pc=0x0000000003288ba0 method=java.lang.String.replace(CC)Ljava/lang/String; @ 2
Event: 9.270 Thread 0x0000000002968800 Uncommon trap: reason=predicate action=maybe_recompile pc=0x00000000034a6d34 method=java.lang.String.regionMatches(ZILjava/lang/String;II)Z @ 63
Event: 9.373 Thread 0x0000000002968800 Uncommon trap: reason=unstable_if action=reinterpret pc=0x000000000364dffc method=sun.nio.cs.StreamDecoder.implRead([CII)I @ 36
Event: 9.867 Thread 0x0000000002968800 Uncommon trap: reason=unstable_if action=reinterpret pc=0x0000000003693b74 method=java.lang.reflect.AccessibleObject.setAccessible0(Ljava/lang/reflect/AccessibleObject;Z)V @ 4
Event: 9.885 Thread 0x0000000002968800 Uncommon trap: reason=unstable_if action=reinterpret pc=0x0000000003274fb8 method=java.lang.String.startsWith(Ljava/lang/String;I)Z @ 25
Event: 10.077 Thread 0x0000000002968800 Uncommon trap: reason=unstable_if action=reinterpret pc=0x0000000003641c68 method=org.codehaus.plexus.util.xml.pull.MXParser.nextImpl()I @ 879
Event: 10.170 Thread 0x0000000002968800 Uncommon trap: reason=null_check action=make_not_entrant pc=0x00000000036cfa4c method=org.apache.maven.model.io.xpp3.MavenXpp3ReaderEx.checkFieldWithDuplicate(Lorg/codehaus/plexus/util/xml/pull/XmlPullParser;Ljava/lang/String;Ljava/lang/String;Ljava/util/
Event: 10.379 Thread 0x0000000002968800 Uncommon trap: reason=unstable_if action=reinterpret pc=0x00000000036de260 method=java.lang.String.trim()Ljava/lang/String; @ 63
Event: 10.479 Thread 0x0000000002968800 Uncommon trap: reason=unstable_if action=reinterpret pc=0x00000000033c7234 method=sun.nio.cs.UTF_8$Decoder.decode([BII[C)I @ 30
Event: 10.481 Thread 0x0000000002968800 Uncommon trap: reason=unstable_if action=reinterpret pc=0x000000000339b4c4 method=sun.nio.cs.UTF_8$Decoder.decodeArrayLoop(Ljava/nio/ByteBuffer;Ljava/nio/CharBuffer;)Ljava/nio/charset/CoderResult; @ 84

Classes redefined (0 events):
No events

Internal exceptions (10 events):
Event: 7.772 Thread 0x0000000002968800 Exception <a 'java/lang/NoClassDefFoundError': com/google/inject/servlet/ServletModuleTargetVisitor> (0x00000000ef0eb068) thrown at [C:\re\workspace\8-2-build-windows-amd64-cygwin\jdk8u161\10277\hotspot\src\share\vm\classfile\systemDictionary.cpp, line 19
Event: 7.772 Thread 0x0000000002968800 Exception <a 'java/lang/NoClassDefFoundError'> (0x00000000ef0eb068) thrown at [C:\re\workspace\8-2-build-windows-amd64-cygwin\jdk8u161\10277\hotspot\src\share\vm\prims\jvm.cpp, line 1394]
Event: 7.773 Thread 0x0000000002968800 Exception <a 'java/lang/NoClassDefFoundError': javax/annotation/Priority> (0x00000000ef0f15e8) thrown at [C:\re\workspace\8-2-build-windows-amd64-cygwin\jdk8u161\10277\hotspot\src\share\vm\classfile\systemDictionary.cpp, line 199]
Event: 8.747 Thread 0x0000000002968800 Exception <a 'java/lang/NullPointerException'> (0x00000000ef708778) thrown at [C:\re\workspace\8-2-build-windows-amd64-cygwin\jdk8u161\10277\hotspot\src\share\vm\interpreter\linkResolver.cpp, line 1185]
Event: 8.748 Thread 0x0000000002968800 Exception <a 'java/lang/NullPointerException'> (0x00000000ef708990) thrown at [C:\re\workspace\8-2-build-windows-amd64-cygwin\jdk8u161\10277\hotspot\src\share\vm\interpreter\linkResolver.cpp, line 1185]
Event: 8.748 Thread 0x0000000002968800 Exception <a 'java/lang/NullPointerException'> (0x00000000ef708ba8) thrown at [C:\re\workspace\8-2-build-windows-amd64-cygwin\jdk8u161\10277\hotspot\src\share\vm\interpreter\linkResolver.cpp, line 1185]
Event: 8.753 Thread 0x0000000002968800 Exception <a 'java/lang/NullPointerException'> (0x00000000ef720a10) thrown at [C:\re\workspace\8-2-build-windows-amd64-cygwin\jdk8u161\10277\hotspot\src\share\vm\interpreter\linkResolver.cpp, line 1185]
Event: 8.753 Thread 0x0000000002968800 Exception <a 'java/lang/NullPointerException'> (0x00000000ef720c28) thrown at [C:\re\workspace\8-2-build-windows-amd64-cygwin\jdk8u161\10277\hotspot\src\share\vm\interpreter\linkResolver.cpp, line 1185]
Event: 8.754 Thread 0x0000000002968800 Exception <a 'java/lang/NullPointerException'> (0x00000000ef720e40) thrown at [C:\re\workspace\8-2-build-windows-amd64-cygwin\jdk8u161\10277\hotspot\src\share\vm\interpreter\linkResolver.cpp, line 1185]
Event: 10.170 Thread 0x0000000002968800 Implicit null exception at 0x00000000036cf7e7 to 0x00000000036cfa31

Events (10 events):
Event: 11.706 loading class org/apache/maven/artifact/versioning/ComparableVersion$StringItem
Event: 11.706 loading class org/apache/maven/artifact/versioning/ComparableVersion$StringItem done
Event: 11.708 loading class java/math/MutableBigInteger
Event: 11.717 loading class java/math/MutableBigInteger done
Event: 11.722 loading class org/apache/maven/artifact/DefaultArtifact
Event: 11.722 loading class org/apache/maven/artifact/DefaultArtifact done
Event: 11.727 loading class org/apache/maven/artifact/InvalidArtifactRTException
Event: 11.727 loading class org/apache/maven/artifact/InvalidArtifactRTException done
Event: 12.826 loading class org/apache/maven/artifact/versioning/Restriction
Event: 12.826 loading class org/apache/maven/artifact/versioning/Restriction done


Dynamic libraries:
0x000000013fdf0000 - 0x000000013fe27000 	C:\Program Files\Java\jdk1.8.0_161\bin\javaw.exe
0x00000000775f0000 - 0x000000007778f000 	C:\Windows\SYSTEM32\ntdll.dll
0x00000000773d0000 - 0x00000000774ef000 	C:\Windows\system32\kernel32.dll
0x000007fefd140000 - 0x000007fefd1a7000 	C:\Windows\system32\KERNELBASE.dll
0x000007fefdaf0000 - 0x000007fefdbcb000 	C:\Windows\system32\ADVAPI32.dll
0x000007fefd980000 - 0x000007fefda1f000 	C:\Windows\system32\msvcrt.dll
0x000007fefd6b0000 - 0x000007fefd6cf000 	C:\Windows\SYSTEM32\sechost.dll
0x000007fefe0d0000 - 0x000007fefe1fc000 	C:\Windows\system32\RPCRT4.dll
0x00000000774f0000 - 0x00000000775ea000 	C:\Windows\system32\USER32.dll
0x000007fefd730000 - 0x000007fefd797000 	C:\Windows\system32\GDI32.dll
0x000007feff800000 - 0x000007feff80e000 	C:\Windows\system32\LPK.dll
0x000007fefda20000 - 0x000007fefdaeb000 	C:\Windows\system32\USP10.dll
0x000007fefb210000 - 0x000007fefb405000 	C:\Windows\WinSxS\amd64_microsoft.windows.common-controls_6595b64144ccf1df_6.0.7601.24483_none_e372d88f30fbb845\COMCTL32.dll
0x000007fefd4f0000 - 0x000007fefd561000 	C:\Windows\system32\SHLWAPI.dll
0x000007fefd570000 - 0x000007fefd59e000 	C:\Windows\system32\IMM32.DLL
0x000007fefd5a0000 - 0x000007fefd6a9000 	C:\Windows\system32\MSCTF.dll
0x0000000180000000 - 0x0000000180095000 	C:\Windows\LVUAAgentInstBaseRoot\system32\Vozokopot.dll
0x000007fefa0c0000 - 0x000007fefa0e0000 	C:\Windows\LVUAAgentInstBaseRoot\system32\MozartBreathFw.dll
0x000007fef9b90000 - 0x000007fefa0bc000 	C:\Windows\LVUAAgentInstBaseRoot\system32\MozartBreathCore.dll
0x0000000074c30000 - 0x0000000074cca000 	C:\Windows\LVUAAgentInstBaseRoot\system32\SteinwayMSVCRT.dll
0x00000000746c0000 - 0x0000000074790000 	C:\Windows\LVUAAgentInstBaseRoot\system32\SteinwayMSVCSTL.dll
0x000007fef9b10000 - 0x000007fef9b81000 	C:\Windows\system32\WINSPOOL.DRV
0x000007feff810000 - 0x000007feff8a7000 	C:\Windows\system32\COMDLG32.dll
0x000007fefe2a0000 - 0x000007feff02b000 	C:\Windows\system32\SHELL32.dll
0x000007feff600000 - 0x000007feff7ff000 	C:\Windows\system32\ole32.dll
0x000007feff390000 - 0x000007feff46b000 	C:\Windows\system32\OLEAUT32.dll
0x000007fefdbd0000 - 0x000007fefdc1d000 	C:\Windows\system32\WS2_32.dll
0x000007feff030000 - 0x000007feff038000 	C:\Windows\system32\NSI.dll
0x000007fefc330000 - 0x000007fefc341000 	C:\Windows\system32\WTSAPI32.dll
0x000007fefc360000 - 0x000007fefc378000 	C:\Windows\system32\MPR.dll
0x000007fefc710000 - 0x000007fefc76b000 	C:\Windows\system32\Dnsapi.dll
0x000007fefac50000 - 0x000007fefac68000 	C:\Windows\system32\dwmapi.dll
0x000007fef9a30000 - 0x000007fef9a6a000 	C:\Windows\LVUAAgentInstBaseRoot\system32\MozartBreathNet.dll
0x000007fef9a10000 - 0x000007fef9a27000 	C:\Windows\LVUAAgentInstBaseRoot\system32\MozartBreathBolo.dll
0x000007fef99f0000 - 0x000007fef9a05000 	C:\Windows\LVUAAgentInstBaseRoot\system32\MozartBreathProtect.dll
0x0000000067350000 - 0x0000000067422000 	C:\Program Files\Java\jdk1.8.0_161\jre\bin\msvcr100.dll
0x00000000704e0000 - 0x0000000070d7f000 	C:\Program Files\Java\jdk1.8.0_161\jre\bin\server\jvm.dll
0x000007fefa6c0000 - 0x000007fefa6c9000 	C:\Windows\system32\WSOCK32.dll
0x000007fefa410000 - 0x000007fefa44b000 	C:\Windows\system32\WINMM.dll
0x000007fefc350000 - 0x000007fefc35c000 	C:\Windows\system32\VERSION.dll
0x0000000077790000 - 0x0000000077797000 	C:\Windows\system32\PSAPI.DLL
0x0000000072e00000 - 0x0000000072e0f000 	C:\Program Files\Java\jdk1.8.0_161\jre\bin\verify.dll
0x0000000072dd0000 - 0x0000000072df9000 	C:\Program Files\Java\jdk1.8.0_161\jre\bin\java.dll
0x000007fefbd00000 - 0x000007fefbd20000 	C:\Windows\system32\Wlanapi.dll
0x000007fefbcf0000 - 0x000007fefbcf7000 	C:\Windows\system32\wlanutil.dll
0x0000000072c30000 - 0x0000000072c46000 	C:\Program Files\Java\jdk1.8.0_161\jre\bin\zip.dll
0x000007fefd110000 - 0x000007fefd11f000 	C:\Windows\system32\profapi.dll
0x0000000072c50000 - 0x0000000072c6a000 	C:\Program Files\Java\jdk1.8.0_161\jre\bin\net.dll
0x000007fefc890000 - 0x000007fefc8e5000 	C:\Windows\system32\mswsock.dll
0x000007fefc880000 - 0x000007fefc887000 	C:\Windows\System32\wship6.dll
0x00000000722b0000 - 0x00000000722c1000 	C:\Program Files\Java\jdk1.8.0_161\jre\bin\nio.dll

VM Arguments:
jvm_args: -Xms512m -Xmx1024m -Dmaven.home=EMBEDDED -Dclassworlds.conf=E:\hdms-community\.metadata\.plugins\org.eclipse.m2e.launching\launches\m2conf8353777057249416737.tmp -Dmaven.multiModuleProjectDirectory=E:\hdms-community\zainfo-community\hdms-assembly -Dfile.encoding=UTF-8 
java_command: org.codehaus.plexus.classworlds.launcher.Launcher -B -s D:\JAVA_FILES\apache-maven-3.2.5\conf\settings.xml package -Dmaven.test.skip=true
java_class_path (initial): /E:/eclipse/plugins/org.eclipse.m2e.maven.runtime_1.7.0.20160603-1931/jars/plexus-classworlds-2.5.2.jar
Launcher Type: SUN_STANDARD

Environment Variables:
JAVA_HOME=C:\Program Files\Java\jdk1.8.0_161
PATH=C:/Program Files/Java/jre1.8.0_161/bin/server;C:/Program Files/Java/jre1.8.0_161/bin;C:/Program Files/Java/jre1.8.0_161/lib/amd64;C:\Perl64\site\bin;C:\Perl64\bin;C:\ProgramData\Oracle\Java\javapath;C:\Windows\system32;C:\Windows;C:\Windows\System32\Wbem;C:\Windows\System32\WindowsPowerShell\v1.0\;C:\Program Files\Git\cmd;D:\OpenSSL-Win64\bin;D:\nodejs\node-global;D:\sqlite;C:\OpenSSL-Win64;C:\OpenSSL-Win64\lib;C:\Program Files\TortoiseSVN\bin;D:\python27;C:\Program Files (x86)\Microsoft Visual Studio\2017\Professional\MSBuild\15.0\Bin;D:\scala\bin;D:\JAVA_FILES\apache-maven-3.2.5\bin;D:\scala\bin;C:\Program Files\Java\jdk1.8.0_161\bin;C:\Program Files\Java\jdk1.8.0_161\jre\bin;D:\Roaming\nvm;C:\Program Files\nodejs;d:\nodejs\node_global;c:\program files\esafenet\cobra docguard client;D:\JetBrains\WebStorm 2018.3.2\bin;;D:\Roaming\nvm;C:\Program Files\nodejs;E:\eclipse;
USERNAME=caiyifeng
OS=Windows_NT
PROCESSOR_IDENTIFIER=Intel64 Family 6 Model 69 Stepping 1, GenuineIntel



---------------  S Y S T E M  ---------------

OS: Windows 7 , 64 bit Build 7601 (6.1.7601.24499)

CPU:total 4 (initial active 4) (2 cores per cpu, 2 threads per core) family 6 model 69 stepping 1, cmov, cx8, fxsr, mmx, sse, sse2, sse3, ssse3, sse4.1, sse4.2, popcnt, avx, avx2, aes, clmul, erms, lzcnt, ht, tsc, tscinvbit, bmi1, bmi2

Memory: 4k page, physical 8068928k(1470676k free), swap 8067028k(5104k free)

vm_info: Java HotSpot(TM) 64-Bit Server VM (25.161-b12) for windows-amd64 JRE (1.8.0_161-b12), built on Dec 19 2017 17:52:25 by "java_re" with MS VC++ 10.0 (VS2010)

time: Thu Aug 15 14:47:42 2019
elapsed time: 12 seconds (0d 0h 0m 12s)

